2019-04-12 19:58:15,935 INFO o.a.j.u.JMeterUtils: Setting Locale to en_EN
2019-04-12 19:58:15,977 INFO o.a.j.JMeter: Loading user properties from: user.properties
2019-04-12 19:58:15,977 INFO o.a.j.JMeter: Loading system properties from: system.properties
2019-04-12 19:58:15,984 INFO o.a.j.JMeter: Copyright (c) 1998-2019 The Apache Software Foundation
2019-04-12 19:58:15,985 INFO o.a.j.JMeter: Version 5.1.1 r1855137
2019-04-12 19:58:15,985 INFO o.a.j.JMeter: java.version=11.0.2
2019-04-12 19:58:15,985 INFO o.a.j.JMeter: java.vm.name=OpenJDK 64-Bit Server VM
2019-04-12 19:58:15,985 INFO o.a.j.JMeter: os.name=Windows 10
2019-04-12 19:58:15,985 INFO o.a.j.JMeter: os.arch=amd64
2019-04-12 19:58:15,986 INFO o.a.j.JMeter: os.version=10.0
2019-04-12 19:58:15,986 INFO o.a.j.JMeter: file.encoding=Cp1252
2019-04-12 19:58:15,986 INFO o.a.j.JMeter: java.awt.headless=null
2019-04-12 19:58:15,986 INFO o.a.j.JMeter: Max memory     =1073741824
2019-04-12 19:58:15,986 INFO o.a.j.JMeter: Available Processors =2
2019-04-12 19:58:15,997 INFO o.a.j.JMeter: Default Locale=English (EN)
2019-04-12 19:58:15,997 INFO o.a.j.JMeter: JMeter  Locale=English (EN)
2019-04-12 19:58:15,997 INFO o.a.j.JMeter: JMeterHome=C:\crs516\apache-jmeter-5.1.1
2019-04-12 19:58:15,997 INFO o.a.j.JMeter: user.dir  =C:\crs516\apache-jmeter-5.1.1\bin
2019-04-12 19:58:15,997 INFO o.a.j.JMeter: PWD       =C:\crs516\apache-jmeter-5.1.1\bin
2019-04-12 19:58:15,999 INFO o.a.j.JMeter: IP: 10.10.10.104 Name: student32 FullName: student32
2019-04-12 19:58:15,999 INFO o.a.j.JMeter: search_paths=C:/crs516/sourcecode/jmeterjars/ex51.jar
2019-04-12 19:58:15,999 INFO o.a.j.JMeter: Adding to classpath and loader: C:/crs516/sourcecode/jmeterjars/ex51.jar
2019-04-12 19:58:16,432 INFO o.a.j.g.a.LookAndFeelCommand: Installing Darcula LAF
2019-04-12 19:58:16,442 INFO o.a.j.g.a.LookAndFeelCommand: Using look and feel: com.bulenkov.darcula.DarculaLaf [Darcula]
2019-04-12 19:58:16,442 INFO o.a.j.JMeter: Setting LAF to: com.bulenkov.darcula.DarculaLaf
2019-04-12 19:58:16,584 INFO o.a.j.JMeter: Loaded icon properties from org/apache/jmeter/images/icon.properties
2019-04-12 19:58:18,822 INFO o.a.j.p.h.s.HTTPSamplerBase: Parser for text/html is org.apache.jmeter.protocol.http.parser.LagartoBasedHtmlParser
2019-04-12 19:58:18,823 INFO o.a.j.p.h.s.HTTPSamplerBase: Parser for application/xhtml+xml is org.apache.jmeter.protocol.http.parser.LagartoBasedHtmlParser
2019-04-12 19:58:18,823 INFO o.a.j.p.h.s.HTTPSamplerBase: Parser for application/xml is org.apache.jmeter.protocol.http.parser.LagartoBasedHtmlParser
2019-04-12 19:58:18,823 INFO o.a.j.p.h.s.HTTPSamplerBase: Parser for text/xml is org.apache.jmeter.protocol.http.parser.LagartoBasedHtmlParser
2019-04-12 19:58:18,824 INFO o.a.j.p.h.s.HTTPSamplerBase: Parser for text/vnd.wap.wml is org.apache.jmeter.protocol.http.parser.RegexpHTMLParser
2019-04-12 19:58:18,824 INFO o.a.j.p.h.s.HTTPSamplerBase: Parser for text/css is org.apache.jmeter.protocol.http.parser.CssParser
2019-04-12 19:58:19,385 INFO o.a.j.e.KeyToolUtils: keytool found at 'keytool'
2019-04-12 19:58:19,386 INFO o.a.j.p.h.p.ProxyControl: HTTP(S) Test Script Recorder SSL Proxy will use keys that support embedded 3rd party resources in file C:\crs516\apache-jmeter-5.1.1\bin\proxyserver.jks
2019-04-12 19:58:19,657 INFO o.a.j.s.FileServer: Default base='C:\crs516\apache-jmeter-5.1.1\bin'
2019-04-12 19:58:20,321 INFO o.a.j.s.SampleResult: Note: Sample TimeStamps are START times
2019-04-12 19:58:20,321 INFO o.a.j.s.SampleResult: sampleresult.default.encoding is set to ISO-8859-1
2019-04-12 19:58:20,321 INFO o.a.j.s.SampleResult: sampleresult.useNanoTime=true
2019-04-12 19:58:20,322 INFO o.a.j.s.SampleResult: sampleresult.nanoThreadSleep=5000
2019-04-12 19:58:20,355 INFO o.a.j.v.ViewResultsFullVisualizer: Add JavaFX to your Java installation if you want to use renderer: org.apache.jmeter.visualizers.RenderInBrowser
2019-04-12 20:00:48,452 INFO o.a.j.s.FileServer: Set new base='C:\crs516\jmeter-plans'
2019-04-12 20:00:48,763 INFO o.a.j.s.SaveService: Testplan (JMX) version: 2.2. Testlog (JTL) version: 2.2
2019-04-12 20:00:48,784 INFO o.a.j.s.SaveService: Using SaveService properties version 5.0
2019-04-12 20:00:48,787 INFO o.a.j.s.SaveService: Using SaveService properties file encoding UTF-8
2019-04-12 20:02:21,297 INFO o.a.j.e.StandardJMeterEngine: Running the test!
2019-04-12 20:02:21,305 INFO o.a.j.s.SampleEvent: List of sample_variables: []
2019-04-12 20:02:21,305 INFO o.a.j.s.SampleEvent: List of sample_variables: []
2019-04-12 20:02:21,311 INFO o.a.j.e.u.CompoundVariable: Note: Function class names must contain the string: '.functions.'
2019-04-12 20:02:21,311 INFO o.a.j.e.u.CompoundVariable: Note: Function class names must not contain the string: '.gui.'
2019-04-12 20:02:21,717 INFO o.a.j.p.j.t.JavaTest: Created class: com.ltree.crs516.taskengine.JMeterClient. Uses tearDownTest: 
2019-04-12 20:02:21,719 INFO o.a.j.g.u.JMeterMenuBar: setRunning(true, *local*)
2019-04-12 20:02:21,751 INFO o.a.j.e.StandardJMeterEngine: Starting ThreadGroup: 1 : Thread Group
2019-04-12 20:02:21,752 INFO o.a.j.e.StandardJMeterEngine: Starting 1 threads for group Thread Group.
2019-04-12 20:02:21,752 INFO o.a.j.e.StandardJMeterEngine: Thread will continue on error
2019-04-12 20:02:21,752 INFO o.a.j.t.ThreadGroup: Starting thread group... number=1 threads=1 ramp-up=1 delayedStart=false
2019-04-12 20:02:21,756 INFO o.a.j.t.ThreadGroup: Started thread group number 1
2019-04-12 20:02:21,757 INFO o.a.j.e.StandardJMeterEngine: All thread groups have been started
2019-04-12 20:02:21,780 INFO o.a.j.t.JMeterThread: Thread started: Thread Group 1-1
2019-04-12 20:02:21,784 INFO o.a.j.c.LoopController: iterationStart called on Loop Controller with source org.apache.jmeter.control.LoopController@4fcce8c8 and iteration 1
2019-04-12 20:02:21,787 INFO c.l.c.t.DistanceCalculator: file is C:\crs516\sourcecode\data\OSDO5711.gz
2019-04-12 20:02:21,790 INFO c.l.c.d.FileBasedDataService: Cleaning up work directory
2019-04-12 20:02:21,793 INFO c.l.c.d.FileBasedDataService: Service ID is 0
2019-04-12 20:02:21,806 INFO c.l.c.d.FileBasedDataService: Data loader loading C:\crs516\sourcecode\data\OSDO5711.gz at 2019-04-12T20:02:21.806-0400
2019-04-12 20:02:21,825 INFO c.l.c.d.FileBasedDataService: dataSize is now 72
2019-04-12 20:02:21,825 INFO c.l.c.d.FileBasedDataService: Reading block C:\crs516\sourcecode\work\0/0.db
2019-04-12 20:02:21,826 INFO c.l.c.d.FileBasedDataService: Data from C:\crs516\sourcecode\data\OSDO5711.gz loaded
2019-04-12 20:02:22,799 INFO c.l.c.t.DistanceCalculator: Data service has size 72
2019-04-12 20:02:22,799 INFO c.l.c.t.JMeterClient: Warm up run 0
2019-04-12 20:02:24,183 INFO c.l.c.t.JMeterClient: Warm up run 1
2019-04-12 20:02:25,470 INFO c.l.c.t.JMeterClient: Warm up run 2
2019-04-12 20:02:25,889 INFO c.l.c.t.JMeterClient: Warm up run 3
2019-04-12 20:02:26,311 INFO c.l.c.t.JMeterClient: Warm up run 4
2019-04-12 20:02:27,107 INFO c.l.c.t.JMeterClient: Maximum Distance is 1190.7165184596765
2019-04-12 20:02:27,111 INFO c.l.c.t.DistanceCalculator: file is C:\crs516\sourcecode\data\OSDO5711.gz
2019-04-12 20:02:27,111 INFO c.l.c.d.FileBasedDataService: Service ID is 1
2019-04-12 20:02:27,113 INFO c.l.c.d.FileBasedDataService: Data loader loading C:\crs516\sourcecode\data\OSDO5711.gz at 2019-04-12T20:02:27.112-0400
2019-04-12 20:02:27,122 INFO c.l.c.d.FileBasedDataService: dataSize is now 72
2019-04-12 20:02:27,122 INFO c.l.c.d.FileBasedDataService: Reading block C:\crs516\sourcecode\work\1/0.db
2019-04-12 20:02:27,123 INFO c.l.c.d.FileBasedDataService: Data from C:\crs516\sourcecode\data\OSDO5711.gz loaded
2019-04-12 20:02:28,112 INFO c.l.c.t.DistanceCalculator: Data service has size 72
2019-04-12 20:02:28,542 INFO c.l.c.t.JMeterClient: Maximum Distance is 1190.7165184596765
2019-04-12 20:02:28,542 INFO c.l.c.t.DistanceCalculator: file is C:\crs516\sourcecode\data\OSDO5711.gz
2019-04-12 20:02:28,543 INFO c.l.c.d.FileBasedDataService: Service ID is 2
2019-04-12 20:02:28,543 INFO c.l.c.d.FileBasedDataService: Data loader loading C:\crs516\sourcecode\data\OSDO5711.gz at 2019-04-12T20:02:28.543-0400
2019-04-12 20:02:28,555 INFO c.l.c.d.FileBasedDataService: dataSize is now 72
2019-04-12 20:02:28,556 INFO c.l.c.d.FileBasedDataService: Reading block C:\crs516\sourcecode\work\2/0.db
2019-04-12 20:02:28,556 INFO c.l.c.d.FileBasedDataService: Data from C:\crs516\sourcecode\data\OSDO5711.gz loaded
2019-04-12 20:02:29,544 INFO c.l.c.t.DistanceCalculator: Data service has size 72
2019-04-12 20:02:29,934 INFO c.l.c.t.JMeterClient: Maximum Distance is 1190.7165184596765
2019-04-12 20:02:29,934 INFO c.l.c.t.DistanceCalculator: file is C:\crs516\sourcecode\data\OSDO5711.gz
2019-04-12 20:02:29,935 INFO c.l.c.d.FileBasedDataService: Service ID is 3
2019-04-12 20:02:29,935 INFO c.l.c.d.FileBasedDataService: Data loader loading C:\crs516\sourcecode\data\OSDO5711.gz at 2019-04-12T20:02:29.935-0400
2019-04-12 20:02:29,939 INFO c.l.c.d.FileBasedDataService: dataSize is now 72
2019-04-12 20:02:29,939 INFO c.l.c.d.FileBasedDataService: Reading block C:\crs516\sourcecode\work\3/0.db
2019-04-12 20:02:29,939 INFO c.l.c.d.FileBasedDataService: Data from C:\crs516\sourcecode\data\OSDO5711.gz loaded
2019-04-12 20:02:30,936 INFO c.l.c.t.DistanceCalculator: Data service has size 72
2019-04-12 20:02:31,321 INFO c.l.c.t.JMeterClient: Maximum Distance is 1190.7165184596765
2019-04-12 20:02:31,322 INFO c.l.c.t.DistanceCalculator: file is C:\crs516\sourcecode\data\OSDO5711.gz
2019-04-12 20:02:31,322 INFO c.l.c.d.FileBasedDataService: Service ID is 4
2019-04-12 20:02:31,322 INFO c.l.c.d.FileBasedDataService: Data loader loading C:\crs516\sourcecode\data\OSDO5711.gz at 2019-04-12T20:02:31.322-0400
2019-04-12 20:02:31,325 INFO c.l.c.d.FileBasedDataService: dataSize is now 72
2019-04-12 20:02:31,325 INFO c.l.c.d.FileBasedDataService: Reading block C:\crs516\sourcecode\work\4/0.db
2019-04-12 20:02:31,325 INFO c.l.c.d.FileBasedDataService: Data from C:\crs516\sourcecode\data\OSDO5711.gz loaded
2019-04-12 20:02:32,323 INFO c.l.c.t.DistanceCalculator: Data service has size 72
2019-04-12 20:02:32,714 INFO c.l.c.t.JMeterClient: Maximum Distance is 1190.7165184596765
2019-04-12 20:02:32,715 INFO o.a.j.t.JMeterThread: Thread is done: Thread Group 1-1
2019-04-12 20:02:32,715 INFO o.a.j.t.JMeterThread: Thread finished: Thread Group 1-1
2019-04-12 20:02:32,715 INFO o.a.j.e.StandardJMeterEngine: Notifying test listeners of end of test
2019-04-12 20:02:32,716 INFO o.a.j.g.u.JMeterMenuBar: setRunning(false, *local*)
2019-04-12 20:03:11,801 INFO o.a.j.e.StandardJMeterEngine: Running the test!
2019-04-12 20:03:11,801 INFO o.a.j.s.SampleEvent: List of sample_variables: []
2019-04-12 20:03:11,804 INFO o.a.j.p.j.t.JavaTest: Created class: com.ltree.crs516.taskengine.JMeterClient. Uses tearDownTest: 
2019-04-12 20:03:11,805 INFO o.a.j.g.u.JMeterMenuBar: setRunning(true, *local*)
2019-04-12 20:03:11,917 INFO o.a.j.e.StandardJMeterEngine: Starting ThreadGroup: 1 : Thread Group
2019-04-12 20:03:11,918 INFO o.a.j.e.StandardJMeterEngine: Starting 1 threads for group Thread Group.
2019-04-12 20:03:11,918 INFO o.a.j.e.StandardJMeterEngine: Thread will continue on error
2019-04-12 20:03:11,918 INFO o.a.j.t.ThreadGroup: Starting thread group... number=1 threads=1 ramp-up=1 delayedStart=false
2019-04-12 20:03:11,919 INFO o.a.j.t.ThreadGroup: Started thread group number 1
2019-04-12 20:03:11,919 INFO o.a.j.e.StandardJMeterEngine: All thread groups have been started
2019-04-12 20:03:11,921 INFO o.a.j.t.JMeterThread: Thread started: Thread Group 1-1
2019-04-12 20:03:11,921 INFO o.a.j.c.LoopController: iterationStart called on Loop Controller with source org.apache.jmeter.control.LoopController@6b5a7bc4 and iteration 1
2019-04-12 20:03:11,925 INFO c.l.c.t.DistanceCalculator: file is C:\crs516\sourcecode\data\OSDO5711.gz
2019-04-12 20:03:11,925 INFO c.l.c.d.FileBasedDataService: Service ID is 5
2019-04-12 20:03:11,926 INFO c.l.c.d.FileBasedDataService: Data loader loading C:\crs516\sourcecode\data\OSDO5711.gz at 2019-04-12T20:03:11.926-0400
2019-04-12 20:03:11,931 INFO c.l.c.d.FileBasedDataService: dataSize is now 72
2019-04-12 20:03:11,932 INFO c.l.c.d.FileBasedDataService: Reading block C:\crs516\sourcecode\work\5/0.db
2019-04-12 20:03:11,933 INFO c.l.c.d.FileBasedDataService: Data from C:\crs516\sourcecode\data\OSDO5711.gz loaded
2019-04-12 20:03:12,925 INFO c.l.c.t.DistanceCalculator: Data service has size 72
2019-04-12 20:03:12,925 INFO c.l.c.t.JMeterClient: Warm up run 0
2019-04-12 20:03:13,370 INFO c.l.c.t.JMeterClient: Warm up run 1
2019-04-12 20:03:13,753 INFO c.l.c.t.JMeterClient: Warm up run 2
2019-04-12 20:03:14,136 INFO c.l.c.t.JMeterClient: Warm up run 3
2019-04-12 20:03:14,516 INFO c.l.c.t.JMeterClient: Warm up run 4
2019-04-12 20:03:15,273 INFO c.l.c.t.JMeterClient: Maximum Distance is 1190.7165184596765
2019-04-12 20:03:15,273 INFO c.l.c.t.DistanceCalculator: file is C:\crs516\sourcecode\data\OSDO5711.gz
2019-04-12 20:03:15,274 INFO c.l.c.d.FileBasedDataService: Service ID is 6
2019-04-12 20:03:15,274 INFO c.l.c.d.FileBasedDataService: Data loader loading C:\crs516\sourcecode\data\OSDO5711.gz at 2019-04-12T20:03:15.274-0400
2019-04-12 20:03:15,276 INFO c.l.c.d.FileBasedDataService: dataSize is now 72
2019-04-12 20:03:15,276 INFO c.l.c.d.FileBasedDataService: Reading block C:\crs516\sourcecode\work\6/0.db
2019-04-12 20:03:15,276 INFO c.l.c.d.FileBasedDataService: Data from C:\crs516\sourcecode\data\OSDO5711.gz loaded
2019-04-12 20:03:16,275 INFO c.l.c.t.DistanceCalculator: Data service has size 72
2019-04-12 20:03:16,653 INFO c.l.c.t.JMeterClient: Maximum Distance is 1190.7165184596765
2019-04-12 20:03:16,653 INFO c.l.c.t.DistanceCalculator: file is C:\crs516\sourcecode\data\OSDO5711.gz
2019-04-12 20:03:16,653 INFO c.l.c.d.FileBasedDataService: Service ID is 7
2019-04-12 20:03:16,654 INFO c.l.c.d.FileBasedDataService: Data loader loading C:\crs516\sourcecode\data\OSDO5711.gz at 2019-04-12T20:03:16.654-0400
2019-04-12 20:03:16,656 INFO c.l.c.d.FileBasedDataService: dataSize is now 72
2019-04-12 20:03:16,656 INFO c.l.c.d.FileBasedDataService: Reading block C:\crs516\sourcecode\work\7/0.db
2019-04-12 20:03:16,656 INFO c.l.c.d.FileBasedDataService: Data from C:\crs516\sourcecode\data\OSDO5711.gz loaded
2019-04-12 20:03:17,653 INFO c.l.c.t.DistanceCalculator: Data service has size 72
2019-04-12 20:03:18,025 INFO c.l.c.t.JMeterClient: Maximum Distance is 1190.7165184596765
2019-04-12 20:03:18,025 INFO c.l.c.t.DistanceCalculator: file is C:\crs516\sourcecode\data\OSDO5711.gz
2019-04-12 20:03:18,026 INFO c.l.c.d.FileBasedDataService: Service ID is 8
2019-04-12 20:03:18,026 INFO c.l.c.d.FileBasedDataService: Data loader loading C:\crs516\sourcecode\data\OSDO5711.gz at 2019-04-12T20:03:18.026-0400
2019-04-12 20:03:18,029 INFO c.l.c.d.FileBasedDataService: dataSize is now 72
2019-04-12 20:03:18,030 INFO c.l.c.d.FileBasedDataService: Reading block C:\crs516\sourcecode\work\8/0.db
2019-04-12 20:03:18,030 INFO c.l.c.d.FileBasedDataService: Data from C:\crs516\sourcecode\data\OSDO5711.gz loaded
2019-04-12 20:03:19,026 INFO c.l.c.t.DistanceCalculator: Data service has size 72
2019-04-12 20:03:19,400 INFO c.l.c.t.JMeterClient: Maximum Distance is 1190.7165184596765
2019-04-12 20:03:19,402 INFO c.l.c.t.DistanceCalculator: file is C:\crs516\sourcecode\data\OSDO5711.gz
2019-04-12 20:03:19,402 INFO c.l.c.d.FileBasedDataService: Service ID is 9
2019-04-12 20:03:19,402 INFO c.l.c.d.FileBasedDataService: Data loader loading C:\crs516\sourcecode\data\OSDO5711.gz at 2019-04-12T20:03:19.402-0400
2019-04-12 20:03:19,405 INFO c.l.c.d.FileBasedDataService: dataSize is now 72
2019-04-12 20:03:19,405 INFO c.l.c.d.FileBasedDataService: Reading block C:\crs516\sourcecode\work\9/0.db
2019-04-12 20:03:19,405 INFO c.l.c.d.FileBasedDataService: Data from C:\crs516\sourcecode\data\OSDO5711.gz loaded
2019-04-12 20:03:20,402 INFO c.l.c.t.DistanceCalculator: Data service has size 72
2019-04-12 20:03:20,783 INFO c.l.c.t.JMeterClient: Maximum Distance is 1190.7165184596765
2019-04-12 20:03:20,784 INFO o.a.j.t.JMeterThread: Thread is done: Thread Group 1-1
2019-04-12 20:03:20,784 INFO o.a.j.t.JMeterThread: Thread finished: Thread Group 1-1
2019-04-12 20:03:20,785 INFO o.a.j.e.StandardJMeterEngine: Notifying test listeners of end of test
2019-04-12 20:03:20,785 INFO o.a.j.g.u.JMeterMenuBar: setRunning(false, *local*)
2019-04-12 20:03:54,403 INFO o.a.j.e.StandardJMeterEngine: Running the test!
2019-04-12 20:03:54,404 INFO o.a.j.s.SampleEvent: List of sample_variables: []
2019-04-12 20:03:54,407 INFO o.a.j.p.j.t.JavaTest: Created class: com.ltree.crs516.taskengine.JMeterClient. Uses tearDownTest: 
2019-04-12 20:03:54,407 INFO o.a.j.g.u.JMeterMenuBar: setRunning(true, *local*)
2019-04-12 20:03:54,499 INFO o.a.j.e.StandardJMeterEngine: Starting ThreadGroup: 1 : Thread Group
2019-04-12 20:03:54,499 INFO o.a.j.e.StandardJMeterEngine: Starting 1 threads for group Thread Group.
2019-04-12 20:03:54,499 INFO o.a.j.e.StandardJMeterEngine: Thread will continue on error
2019-04-12 20:03:54,499 INFO o.a.j.t.ThreadGroup: Starting thread group... number=1 threads=1 ramp-up=1 delayedStart=false
2019-04-12 20:03:54,500 INFO o.a.j.t.ThreadGroup: Started thread group number 1
2019-04-12 20:03:54,500 INFO o.a.j.e.StandardJMeterEngine: All thread groups have been started
2019-04-12 20:03:54,502 INFO o.a.j.t.JMeterThread: Thread started: Thread Group 1-1
2019-04-12 20:03:54,503 INFO o.a.j.c.LoopController: iterationStart called on Loop Controller with source org.apache.jmeter.control.LoopController@9a59171 and iteration 1
2019-04-12 20:03:54,504 INFO c.l.c.t.DistanceCalculator: file is C:\crs516\sourcecode\data\OSDO5711.gz
2019-04-12 20:03:54,504 INFO c.l.c.d.FileBasedDataService: Service ID is 10
2019-04-12 20:03:54,504 INFO c.l.c.d.FileBasedDataService: Data loader loading C:\crs516\sourcecode\data\OSDO5711.gz at 2019-04-12T20:03:54.504-0400
2019-04-12 20:03:54,508 INFO c.l.c.d.FileBasedDataService: dataSize is now 72
2019-04-12 20:03:54,508 INFO c.l.c.d.FileBasedDataService: Reading block C:\crs516\sourcecode\work\10/0.db
2019-04-12 20:03:54,509 INFO c.l.c.d.FileBasedDataService: Data from C:\crs516\sourcecode\data\OSDO5711.gz loaded
2019-04-12 20:03:55,504 INFO c.l.c.t.DistanceCalculator: Data service has size 72
2019-04-12 20:03:55,504 INFO c.l.c.t.JMeterClient: Warm up run 0
2019-04-12 20:03:55,925 INFO c.l.c.t.JMeterClient: Warm up run 1
2019-04-12 20:03:56,296 INFO c.l.c.t.JMeterClient: Warm up run 2
2019-04-12 20:03:56,663 INFO c.l.c.t.JMeterClient: Warm up run 3
2019-04-12 20:03:57,020 INFO c.l.c.t.JMeterClient: Warm up run 4
2019-04-12 20:03:57,742 INFO c.l.c.t.JMeterClient: Maximum Distance is 1190.7165184596765
2019-04-12 20:03:57,743 INFO c.l.c.t.DistanceCalculator: file is C:\crs516\sourcecode\data\OSDO5711.gz
2019-04-12 20:03:57,745 INFO c.l.c.d.FileBasedDataService: Service ID is 11
2019-04-12 20:03:57,745 INFO c.l.c.d.FileBasedDataService: Data loader loading C:\crs516\sourcecode\data\OSDO5711.gz at 2019-04-12T20:03:57.745-0400
2019-04-12 20:03:57,747 INFO c.l.c.d.FileBasedDataService: dataSize is now 72
2019-04-12 20:03:57,747 INFO c.l.c.d.FileBasedDataService: Reading block C:\crs516\sourcecode\work\11/0.db
2019-04-12 20:03:57,748 INFO c.l.c.d.FileBasedDataService: Data from C:\crs516\sourcecode\data\OSDO5711.gz loaded
2019-04-12 20:03:58,745 INFO c.l.c.t.DistanceCalculator: Data service has size 72
2019-04-12 20:03:59,100 INFO c.l.c.t.JMeterClient: Maximum Distance is 1190.7165184596765
2019-04-12 20:03:59,100 INFO c.l.c.t.DistanceCalculator: file is C:\crs516\sourcecode\data\OSDO5711.gz
2019-04-12 20:03:59,101 INFO c.l.c.d.FileBasedDataService: Service ID is 12
2019-04-12 20:03:59,101 INFO c.l.c.d.FileBasedDataService: Data loader loading C:\crs516\sourcecode\data\OSDO5711.gz at 2019-04-12T20:03:59.101-0400
2019-04-12 20:03:59,104 INFO c.l.c.d.FileBasedDataService: dataSize is now 72
2019-04-12 20:03:59,104 INFO c.l.c.d.FileBasedDataService: Reading block C:\crs516\sourcecode\work\12/0.db
2019-04-12 20:03:59,105 INFO c.l.c.d.FileBasedDataService: Data from C:\crs516\sourcecode\data\OSDO5711.gz loaded
2019-04-12 20:04:00,101 INFO c.l.c.t.DistanceCalculator: Data service has size 72
2019-04-12 20:04:00,456 INFO c.l.c.t.JMeterClient: Maximum Distance is 1190.7165184596765
2019-04-12 20:04:00,456 INFO c.l.c.t.DistanceCalculator: file is C:\crs516\sourcecode\data\OSDO5711.gz
2019-04-12 20:04:00,457 INFO c.l.c.d.FileBasedDataService: Service ID is 13
2019-04-12 20:04:00,457 INFO c.l.c.d.FileBasedDataService: Data loader loading C:\crs516\sourcecode\data\OSDO5711.gz at 2019-04-12T20:04:00.457-0400
2019-04-12 20:04:00,460 INFO c.l.c.d.FileBasedDataService: dataSize is now 72
2019-04-12 20:04:00,461 INFO c.l.c.d.FileBasedDataService: Reading block C:\crs516\sourcecode\work\13/0.db
2019-04-12 20:04:00,462 INFO c.l.c.d.FileBasedDataService: Data from C:\crs516\sourcecode\data\OSDO5711.gz loaded
2019-04-12 20:04:01,457 INFO c.l.c.t.DistanceCalculator: Data service has size 72
2019-04-12 20:04:01,813 INFO c.l.c.t.JMeterClient: Maximum Distance is 1190.7165184596765
2019-04-12 20:04:01,814 INFO c.l.c.t.DistanceCalculator: file is C:\crs516\sourcecode\data\OSDO5711.gz
2019-04-12 20:04:01,815 INFO c.l.c.d.FileBasedDataService: Service ID is 14
2019-04-12 20:04:01,815 INFO c.l.c.d.FileBasedDataService: Data loader loading C:\crs516\sourcecode\data\OSDO5711.gz at 2019-04-12T20:04:01.815-0400
2019-04-12 20:04:01,818 INFO c.l.c.d.FileBasedDataService: dataSize is now 72
2019-04-12 20:04:01,818 INFO c.l.c.d.FileBasedDataService: Reading block C:\crs516\sourcecode\work\14/0.db
2019-04-12 20:04:01,819 INFO c.l.c.d.FileBasedDataService: Data from C:\crs516\sourcecode\data\OSDO5711.gz loaded
2019-04-12 20:04:02,815 INFO c.l.c.t.DistanceCalculator: Data service has size 72
2019-04-12 20:04:03,168 INFO c.l.c.t.JMeterClient: Maximum Distance is 1190.7165184596765
2019-04-12 20:04:03,169 INFO o.a.j.t.JMeterThread: Thread is done: Thread Group 1-1
2019-04-12 20:04:03,169 INFO o.a.j.t.JMeterThread: Thread finished: Thread Group 1-1
2019-04-12 20:04:03,169 INFO o.a.j.e.StandardJMeterEngine: Notifying test listeners of end of test
2019-04-12 20:04:03,169 INFO o.a.j.g.u.JMeterMenuBar: setRunning(false, *local*)
